Command: ./pipeline_1/4_filter_pairs.sh 

 -- this file parameters:
   INPUT FILE : output/blast_output/blast_results_with_coverage.tsv
<<<<<<< HEAD
   OUTPUT FILE: output/blast_filtered/filtered_blast_results_id70_qcov90_scov90
 -- filtering BLASTP results in output/blast_output/blast_results_with_coverage.tsv with thresholds:
   Identity >= 70
   Query Coverage >= 90
   Subject Coverage >= 90
   No filtering on Bit Score
   E-value <= 10e-10
-- filtering column 3 with threshold 70 (removing values less than threshold)
-- filtering column 13 with threshold 90 (removing values less than threshold)
-- filtering column 14 with threshold 90 (removing values less than threshold)
-- skipping filtering for column 12 as threshold is NULL
-- filtering column 11 with threshold 10e-10 (removing values greater than threshold)
-- filtering completed! filtered results saved to output/blast_filtered/filtered_blast_results_id70_qcov90_scov90_evalue10e-10.tsv
-- removed temporary files in output/blast_filtered/temp/
=======
   OUTPUT FILE: output/blast_filtered/filtered_blast_results_id30_qcov70_scov70
 -- filtering BLASTP results in output/blast_output/blast_results_with_coverage.tsv with thresholds:
   Identity >= 30
   Query Coverage >= 70
   Subject Coverage >= 70
   No filtering on Bit Score
   E-value <= 1e-10
-- filtering column 3 with threshold 30 (removing values less than threshold)
>>>>>>> family_sizes
