[0;32m====================================
 OPTIMIZED BLAST FILTERING
====================================\033[0m
 Input:  output/blast_output/blast_results_with_coverage.tsv
 Output: output/blast_filtered
 CPUs:   16
[0;32m====================================[0m
[1;33mFiltering parameters:[0m
  Identity       >= 50
  Query Coverage >= 90
  Subject Coverage >= 90
  E-value       <= 1e-10
[1;33mAnalyzing input file...[0m
[0;32m✓ Total lines: 9393200[0m
[1;33mUsing single-pass AWK filtering (file < 10M lines)...[0m

[0;32m====================================
 FILTERING COMPLETE
====================================\033[0m
 Processing time: 101s
 Input lines:     9393200
 Output lines:    717251
 Removed:         8675949
 Retention:       7.63%
[0;32m====================================[0m
 Output saved to:
 output/blast_filtered/filtered_blast_results_id50_qcov90_scov90_evalue1e-10.tsv
[0;32m====================================[0m

Quick statistics of filtered data:
  Average identity: 68.1%
  Average query coverage: 465.1%
  Average subject coverage: 461.2%

Checking pair distribution...
  Unique genes: 717251
  Average pairs per gene: 1.0
