[0;32m====================================
 OPTIMIZED BLAST FILTERING
====================================\033[0m
 Input:  output/blast_output/blast_results_with_coverage.tsv
 Output: output/blast_filtered
 CPUs:   16
[0;32m====================================[0m
[1;33mFiltering parameters:[0m
  Identity       >= 30
  Query Coverage >= 50
  Subject Coverage >= 50
  E-value       <= 1e-5
[1;33mAnalyzing input file...[0m
[0;32m✓ Total lines: 9393200[0m
[1;33mUsing single-pass AWK filtering (file < 10M lines)...[0m

[0;32m====================================
 FILTERING COMPLETE
====================================\033[0m
 Processing time: 140s
 Input lines:     9393200
 Output lines:    3856132
 Removed:         5537068
 Retention:       41.05%
[0;32m====================================[0m
 Output saved to:
 output/blast_filtered/filtered_blast_results_id30_qcov50_scov50_evalue1e-5.tsv
[0;32m====================================[0m

Quick statistics of filtered data:
  Average identity: 43.4%
  Average query coverage: 597.9%
  Average subject coverage: 546.7%

Checking pair distribution...
  Unique genes: 3856132
  Average pairs per gene: 1.0
