[0;32m====================================
 OPTIMIZED BLAST FILTERING
====================================\033[0m
 Input:  output/blast_output/blast_results_with_coverage.tsv
 Output: output/blast_filtered
 CPUs:   16
[0;32m====================================[0m
[1;33mFiltering parameters:[0m
  Identity       >= 40
  Query Coverage >= 60
  Subject Coverage >= 60
  E-value       <= 1e-10
[1;33mAnalyzing input file...[0m
[0;32m✓ Total lines: 9393200[0m
[1;33mUsing single-pass AWK filtering (file < 10M lines)...[0m

[0;32m====================================
 FILTERING COMPLETE
====================================\033[0m
 Processing time: 109s
 Input lines:     9393200
 Output lines:    1451855
 Removed:         7941345
 Retention:       15.45%
[0;32m====================================[0m
 Output saved to:
 output/blast_filtered/filtered_blast_results_id40_qcov60_scov60_evalue1e-10.tsv
[0;32m====================================[0m

Quick statistics of filtered data:
  Average identity: 56.8%
  Average query coverage: 498.9%
  Average subject coverage: 484.5%

Checking pair distribution...
  Unique genes: 1451855
  Average pairs per gene: 1.0
