[0;32m====================================
 OPTIMIZED BLAST FILTERING
====================================\033[0m
 Input:  output/blast_output/blast_results_with_coverage.tsv
 Output: output/blast_filtered
 CPUs:   16
[0;32m====================================[0m
[1;33mFiltering parameters:[0m
  Identity       >= 40
  Query Coverage >= 60
  Subject Coverage >= 60
  E-value       <= 1e-5
[1;33mAnalyzing input file...[0m
[0;32m✓ Total lines: 9393200[0m
[1;33mUsing single-pass AWK filtering (file < 10M lines)...[0m

[0;32m====================================
 FILTERING COMPLETE
====================================\033[0m
 Processing time: 110s
 Input lines:     9393200
 Output lines:    1646568
 Removed:         7746632
 Retention:       17.52%
[0;32m====================================[0m
 Output saved to:
 output/blast_filtered/filtered_blast_results_id40_qcov60_scov60_evalue1e-5.tsv
[0;32m====================================[0m

Quick statistics of filtered data:
  Average identity: 55.6%
  Average query coverage: 491.9%
  Average subject coverage: 471.2%

Checking pair distribution...
  Unique genes: 1646568
  Average pairs per gene: 1.0
