[0;32m====================================
 OPTIMIZED BLAST FILTERING
====================================\033[0m
 Input:  output/blast_output/blast_results_with_coverage.tsv
 Output: output/blast_filtered
 CPUs:   16
[0;32m====================================[0m
[1;33mFiltering parameters:[0m
  Identity       >= 30
  Query Coverage >= 60
  Subject Coverage >= 60
  E-value       <= 1e-10
[1;33mAnalyzing input file...[0m
[0;32m✓ Total lines: 9393200[0m
[1;33mUsing single-pass AWK filtering (file < 10M lines)...[0m

[0;32m====================================
 FILTERING COMPLETE
====================================\033[0m
 Processing time: 125s
 Input lines:     9393200
 Output lines:    3217802
 Removed:         6175398
 Retention:       34.25%
[0;32m====================================[0m
 Output saved to:
 output/blast_filtered/filtered_blast_results_id30_qcov60_scov60_evalue1e-10.tsv
[0;32m====================================[0m

Quick statistics of filtered data:
  Average identity: 44.4%
  Average query coverage: 599.3%
  Average subject coverage: 563.1%

Checking pair distribution...
  Unique genes: 3217802
  Average pairs per gene: 1.0
