[0;32m====================================
 OPTIMIZED BLAST FILTERING
====================================\033[0m
 Input:  output/blast_output/blast_results_with_coverage.tsv
 Output: output/blast_filtered
 CPUs:   16
[0;32m====================================[0m
[1;33mFiltering parameters:[0m
  Identity       >= 70
  Query Coverage >= 90
  Subject Coverage >= 90
  E-value       <= 1e-10
[1;33mAnalyzing input file...[0m
[0;32m✓ Total lines: 9393200[0m
[1;33mUsing single-pass AWK filtering (file < 10M lines)...[0m

[0;32m====================================
 FILTERING COMPLETE
====================================\033[0m
 Processing time: 93s
 Input lines:     9393200
 Output lines:    250319
 Removed:         9142881
 Retention:       2.66%
[0;32m====================================[0m
 Output saved to:
 output/blast_filtered/filtered_blast_results_id70_qcov90_scov90_evalue1e-10.tsv
[0;32m====================================[0m

Quick statistics of filtered data:
  Average identity: 87.0%
  Average query coverage: 473.7%
  Average subject coverage: 473.1%

Checking pair distribution...
  Unique genes: 250319
  Average pairs per gene: 1.0
