[0;32m====================================
 OPTIMIZED BLAST FILTERING
====================================\033[0m
 Input:  output/blast_output/blast_results_with_coverage.tsv
 Output: output/blast_filtered
 CPUs:   16
[0;32m====================================[0m
[1;33mFiltering parameters:[0m
  Identity       >= 60
  Query Coverage >= 80
  Subject Coverage >= 80
  E-value       <= 1e-5
[1;33mAnalyzing input file...[0m
[0;32m✓ Total lines: 9393200[0m
[1;33mUsing single-pass AWK filtering (file < 10M lines)...[0m

[0;32m====================================
 FILTERING COMPLETE
====================================\033[0m
 Processing time: 111s
 Input lines:     9393200
 Output lines:    444479
 Removed:         8948721
 Retention:       4.73%
[0;32m====================================[0m
 Output saved to:
 output/blast_filtered/filtered_blast_results_id60_qcov80_scov80_evalue1e-5.tsv
[0;32m====================================[0m

Quick statistics of filtered data:
  Average identity: 77.7%
  Average query coverage: 455.9%
  Average subject coverage: 454.3%

Checking pair distribution...
  Unique genes: 444479
  Average pairs per gene: 1.0
