[0;32m====================================
 OPTIMIZED EDGELIST GENERATION
====================================\033[0m
 Input:  output/blast_filtered/filtered_blast_results_id40_qcov80_scov80_evalue1e-10.tsv
 Output: output/similarity_edgelists
 Weight column: 12
 CPUs:   16
 Mode:   Disk-based sorting
[0;32m====================================[0m
[1;33mAnalyzing input file...[0m
[0;32m✓ Input lines: 1424106[0m
[1;33mStep 1: Extracting edges and normalizing...[0m
  Using single-pass processing...
[0;32m  ✓ Normalized edges: 1371401[0m
  ✓ Self-loops removed: 52704
[1;33mStep 2: Sorting and removing duplicates...[0m
  Using disk-based sorting with parallel merge...

[0;32m====================================
 EDGELIST GENERATION COMPLETE
====================================\033[0m
 Processing time: 21s
 Input edges:     1424105
 Self-loops removed: 52704
 Duplicates removed: 671624
 Final edges:     699777
 Reduction:       60.0%
[0;32m====================================[0m
 Output saved to:
 output/similarity_edgelists/filtered_blast_results_id40_qcov80_scov80_evalue1e-10_wcol12_network.tsv
[0;32m====================================[0m

Edge weight statistics:
  Min weight:  53.5
  Max weight:  9991.0
  Mean weight: 279.8

Network connectivity:
  Unique nodes: 49754
  Average degree: 28.1
  Max degree node: KRH71097 (degree: 866)
