 -- generating edgelist from filtered BLASTP results:
<<<<<<< HEAD
   INPUT : output/blast_filtered/filtered_blast_results_id70_qcov90_scov90_evalue10e-10.tsv
   OUTPUT: output/similarity_edgelists/filtered_blast_results_id70_qcov90_scov90_evalue10e-10_wcol12_network.tsv
   WEIGHT COLUMN INDEX: 12
 -- starting with 251119 lines in input file
-- reordered columns to ensure first id <= second id lexicographically
-- self-loops removed
-- 199877 lines remain after removing self-loops
-- duplicate edges removed, keeping highest weight
-- 188047 lines remain after removing duplicate edges with different weights (multiple hits - keeping best hit)
-- edgelist written to output/similarity_edgelists/filtered_blast_results_id70_qcov90_scov90_evalue10e-10_wcol12_network.tsv
=======
   INPUT : output/blast_filtered/filtered_blast_results_id30_qcov60_scov60_evalue1e-10.tsv
   OUTPUT: output/similarity_edgelists/filtered_blast_results_id30_qcov60_scov60_evalue1e-10_wcol12_network.tsv
   WEIGHT COLUMN INDEX: 12
 -- starting with 3217802 lines in input file
-- reordered columns to ensure first id <= second id lexicographically
-- self-loops removed
-- 3162205 lines remain after removing self-loops
-- duplicate edges removed, keeping highest weight
-- 2667912 lines remain after removing duplicate edges with different weights (multiple hits - keeping best hit)
-- edgelist written to output/similarity_edgelists/filtered_blast_results_id30_qcov60_scov60_evalue1e-10_wcol12_network.tsv
>>>>>>> family_sizes
