[0;32m====================================
 OPTIMIZED EDGELIST GENERATION
====================================\033[0m
 Input:  output/blast_filtered/filtered_blast_results_id50_qcov80_scov80_evalue1e-5.tsv
 Output: output/similarity_edgelists
 Weight column: 12
 CPUs:   16
 Mode:   Disk-based sorting
[0;32m====================================[0m
[1;33mAnalyzing input file...[0m
[0;32m✓ Input lines: 782042[0m
[1;33mStep 1: Extracting edges and normalizing...[0m
  Using single-pass processing...
[0;32m  ✓ Normalized edges: 729337[0m
  ✓ Self-loops removed: 52704
[1;33mStep 2: Sorting and removing duplicates...[0m
  Using disk-based sorting with parallel merge...

[0;32m====================================
 EDGELIST GENERATION COMPLETE
====================================\033[0m
 Processing time: 12s
 Input edges:     782041
 Self-loops removed: 52704
 Duplicates removed: 368131
 Final edges:     361206
 Reduction:       60.0%
[0;32m====================================[0m
 Output saved to:
 output/similarity_edgelists/filtered_blast_results_id50_qcov80_scov80_evalue1e-5_wcol12_network.tsv
[0;32m====================================[0m

Edge weight statistics:
  Min weight:  40.4
  Max weight:  9991.0
  Mean weight: 332.3

Network connectivity:
  Unique nodes: 49290
  Average degree: 14.6
  Max degree node: KRH57855 (degree: 347)
