[0;32m====================================
 OPTIMIZED EDGELIST GENERATION
====================================\033[0m
 Input:  output/blast_filtered/filtered_blast_results_id70_qcov90_scov90_evalue1e-10.tsv
 Output: output/similarity_edgelists
 Weight column: 12
 CPUs:   16
 Mode:   Disk-based sorting
[0;32m====================================[0m
[1;33mAnalyzing input file...[0m
[0;32m✓ Input lines: 250319[0m
[1;33mStep 1: Extracting edges and normalizing...[0m
  Using single-pass processing...
[0;32m  ✓ Normalized edges: 199077[0m
  ✓ Self-loops removed: 51241
[1;33mStep 2: Sorting and removing duplicates...[0m
  Using disk-based sorting with parallel merge...

[0;32m====================================
 EDGELIST GENERATION COMPLETE
====================================\033[0m
 Processing time: 3s
 Input edges:     250318
 Self-loops removed: 51241
 Duplicates removed: 102290
 Final edges:     96787
 Reduction:       70.0%
[0;32m====================================[0m
 Output saved to:
 output/similarity_edgelists/filtered_blast_results_id70_qcov90_scov90_evalue1e-10_wcol12_network.tsv
[0;32m====================================[0m

Edge weight statistics:
  Min weight:  54.3
  Max weight:  9991.0
  Mean weight: 548.4

Network connectivity:
  Unique nodes: 44304
  Average degree: 4.3
  Max degree node: KRH12533 (degree: 148)
