[0;32m====================================
 OPTIMIZED EDGELIST GENERATION
====================================\033[0m
 Input:  output/blast_filtered/filtered_blast_results_id40_qcov60_scov60_evalue1e-5.tsv
 Output: output/similarity_edgelists
 Weight column: 12
 CPUs:   16
 Mode:   Disk-based sorting
[0;32m====================================[0m
[1;33mAnalyzing input file...[0m
[0;32m✓ Input lines: 1646568[0m
[1;33mStep 1: Extracting edges and normalizing...[0m
  Using single-pass processing...
[0;32m  ✓ Normalized edges: 1590971[0m
  ✓ Self-loops removed: 55596
[1;33mStep 2: Sorting and removing duplicates...[0m
  Using disk-based sorting with parallel merge...

[0;32m====================================
 EDGELIST GENERATION COMPLETE
====================================\033[0m
 Processing time: 23s
 Input edges:     1646567
 Self-loops removed: 55596
 Duplicates removed: 782651
 Final edges:     808320
 Reduction:       60.0%
[0;32m====================================[0m
 Output saved to:
 output/similarity_edgelists/filtered_blast_results_id40_qcov60_scov60_evalue1e-5_wcol12_network.tsv
[0;32m====================================[0m

Edge weight statistics:
  Min weight:  39.3
  Max weight:  9991.0
  Mean weight: 249.9

Network connectivity:
  Unique nodes: 51814
  Average degree: 31.2
  Max degree node: KRH71097 (degree: 873)
