[0;32m====================================
 OPTIMIZED EDGELIST GENERATION
====================================\033[0m
 Input:  output/blast_filtered/filtered_blast_results_id30_qcov50_scov50_evalue1e-5.tsv
 Output: output/similarity_edgelists
 Weight column: 12
 CPUs:   16
 Mode:   Disk-based sorting
[0;32m====================================[0m
[1;33mAnalyzing input file...[0m
[0;32m✓ Input lines: 3856132[0m
[1;33mStep 1: Extracting edges and normalizing...[0m
  Using single-pass processing...
[0;32m  ✓ Normalized edges: 3799889[0m
  ✓ Self-loops removed: 56242
[1;33mStep 2: Sorting and removing duplicates...[0m
  Using disk-based sorting with parallel merge...

[0;32m====================================
 EDGELIST GENERATION COMPLETE
====================================\033[0m
 Processing time: 55s
 Input edges:     3856131
 Self-loops removed: 56242
 Duplicates removed: 2008136
 Final edges:     1791753
 Reduction:       60.0%
[0;32m====================================[0m
 Output saved to:
 output/similarity_edgelists/filtered_blast_results_id30_qcov50_scov50_evalue1e-5_wcol12_network.tsv
[0;32m====================================[0m

Edge weight statistics:
  Min weight:  39.3
  Max weight:  9991.0
  Mean weight: 200.7

Network connectivity:
  Unique nodes: 52516
  Average degree: 68.2
  Max degree node: KRH21908 (degree: 1761)
