[0;32m====================================
 OPTIMIZED MCL CLUSTERING
====================================\033[0m
 Input:     output/similarity_edgelists/filtered_blast_results_id40_qcov70_scov70_evalue1e-5_wcol12_network.tsv
 Output:    output/clusters
 Inflation: 2.0
 Threads:   16
[0;32m====================================[0m
[1;33mAnalyzing input network...[0m
[0;32m✓ Nodes: 51101[0m
[0;32m✓ Edges: 800130[0m
[1;33mRunning MCL clustering...[0m
[0;32m✓ MCL completed in 8s[0m
[1;33mPost-processing clusters...[0m
Total clusters: 9271
Total genes: 51101
Singletons removed: 0
Largest family: 840 genes
Average family size: 5.5

Family size distribution:
  Size 2: 4014 families
  Size 3: 1263 families
  Size 4: 1402 families
  Size 5: 552 families
  Size 11-50: 743 families
  Size 51-100: 43 families
  Size 101-500: 19 families
  Size 500+: 1 families

[0;32m====================================
 CLUSTERING COMPLETE
====================================\033[0m
 Total time:     8s
 MCL time:       8s
 Post-process:   0s
[0;32m====================================[0m

Clustering summary:
  Total families: 9271
  Clustered genes: 51101
  Average genes/family: 5.5
