[0;32m====================================
 OPTIMIZED MCL CLUSTERING
====================================\033[0m
 Input:     output/similarity_edgelists/filtered_blast_results_id60_qcov80_scov80_evalue1e-5_wcol12_network.tsv
 Output:    output/clusters
 Inflation: 2.0
 Threads:   16
[0;32m====================================[0m
[1;33mAnalyzing input network...[0m
[0;32m✓ Nodes: 47897[0m
[0;32m✓ Edges: 192315[0m
[1;33mRunning MCL clustering...[0m
[0;32m✓ MCL completed in 5s[0m
[1;33mPost-processing clusters...[0m
Total clusters: 13137
Total genes: 47897
Singletons removed: 0
Largest family: 212 genes
Average family size: 3.6

Family size distribution:
  Size 2: 7040 families
  Size 3: 1783 families
  Size 4: 2026 families
  Size 5: 719 families
  Size 11-50: 406 families
  Size 51-100: 7 families
  Size 101-500: 6 families

[0;32m====================================
 CLUSTERING COMPLETE
====================================\033[0m
 Total time:     6s
 MCL time:       5s
 Post-process:   1s
[0;32m====================================[0m

Clustering summary:
  Total families: 13137
  Clustered genes: 47897
  Average genes/family: 3.6
