[0;32m====================================
 OPTIMIZED MCL CLUSTERING
====================================\033[0m
 Input:     output/similarity_edgelists/filtered_blast_results_id50_qcov80_scov80_evalue1e-5_wcol12_network.tsv
 Output:    output/clusters
 Inflation: 2.0
 Threads:   16
[0;32m====================================[0m
[1;33mAnalyzing input network...[0m
[0;32m✓ Nodes: 49290[0m
[0;32m✓ Edges: 361206[0m
[1;33mRunning MCL clustering...[0m
[0;32m✓ MCL completed in 6s[0m
[1;33mPost-processing clusters...[0m
Total clusters: 11160
Total genes: 49290
Singletons removed: 0
Largest family: 355 genes
Average family size: 4.4

Family size distribution:
  Size 2: 5324 families
  Size 3: 1575 families
  Size 4: 1704 families
  Size 5: 629 families
  Size 11-50: 625 families
  Size 51-100: 18 families
  Size 101-500: 11 families

[0;32m====================================
 CLUSTERING COMPLETE
====================================\033[0m
 Total time:     7s
 MCL time:       6s
 Post-process:   1s
[0;32m====================================[0m

Clustering summary:
  Total families: 11160
  Clustered genes: 49290
  Average genes/family: 4.4
