[0;32m====================================
 OPTIMIZED MCL CLUSTERING
====================================\033[0m
 Input:     output/similarity_edgelists/filtered_blast_results_id30_qcov70_scov70_evalue1e-5_wcol12_network.tsv
 Output:    output/clusters
 Inflation: 2.0
 Threads:   16
[0;32m====================================[0m
[1;33mAnalyzing input network...[0m
[0;32m✓ Nodes: 51526[0m
[0;32m✓ Edges: 1778998[0m
[1;33mRunning MCL clustering...[0m
  MCL: 
[0;32m✓ MCL completed in 13s[0m
[1;33mPost-processing clusters...[0m
Total clusters: 7536
Total genes: 51526
Singletons removed: 0
Largest family: 1304 genes
Average family size: 6.8

Family size distribution:
  Size 2: 3067 families
  Size 3: 1000 families
  Size 4: 1094 families
  Size 5: 460 families
  Size 11-50: 700 families
  Size 51-100: 67 families
  Size 101-500: 37 families
  Size 500+: 2 families

[0;32m====================================
 CLUSTERING COMPLETE
====================================\033[0m
 Total time:     13s
 MCL time:       13s
 Post-process:   0s
[0;32m====================================[0m

Clustering summary:
  Total families: 7536
  Clustered genes: 51526
  Average genes/family: 6.8
