[0;32m====================================
 OPTIMIZED MCL CLUSTERING
====================================\033[0m
 Input:     output/similarity_edgelists/filtered_blast_results_id30_qcov50_scov50_evalue1e-5_wcol12_network.tsv
 Output:    output/clusters
 Inflation: 2.0
 Threads:   16
[0;32m====================================[0m
[1;33mAnalyzing input network...[0m
[0;32m✓ Nodes: 52516[0m
[0;32m✓ Edges: 1791753[0m
[1;33mRunning MCL clustering...[0m
  MCL: 
[0;32m✓ MCL completed in 12s[0m
[1;33mPost-processing clusters...[0m
Total clusters: 7692
Total genes: 52516
Singletons removed: 0
Largest family: 1311 genes
Average family size: 6.8

Family size distribution:
  Size 2: 3114 families
  Size 3: 1037 families
  Size 4: 1098 families
  Size 5: 478 families
  Size 11-50: 702 families
  Size 51-100: 69 families
  Size 101-500: 38 families
  Size 500+: 2 families

[0;32m====================================
 CLUSTERING COMPLETE
====================================\033[0m
 Total time:     13s
 MCL time:       12s
 Post-process:   1s
[0;32m====================================[0m

Clustering summary:
  Total families: 7692
  Clustered genes: 52516
  Average genes/family: 6.8
