[0;32m====================================
 OPTIMIZED MCL CLUSTERING
====================================\033[0m
 Input:     output/similarity_edgelists/filtered_blast_results_id50_qcov90_scov90_evalue1e-5_wcol12_network.tsv
 Output:    output/clusters
 Inflation: 2.0
 Threads:   16
[0;32m====================================[0m
[1;33mAnalyzing input network...[0m
[0;32m✓ Nodes: 48261[0m
[0;32m✓ Edges: 349939[0m
[1;33mRunning MCL clustering...[0m
[0;32m✓ MCL completed in 6s[0m
[1;33mPost-processing clusters...[0m
Total clusters: 10985
Total genes: 48261
Singletons removed: 0
Largest family: 354 genes
Average family size: 4.4

Family size distribution:
  Size 2: 5268 families
  Size 3: 1546 families
  Size 4: 1681 families
  Size 5: 611 families
  Size 11-50: 610 families
  Size 51-100: 16 families
  Size 101-500: 11 families

[0;32m====================================
 CLUSTERING COMPLETE
====================================\033[0m
 Total time:     6s
 MCL time:       6s
 Post-process:   0s
[0;32m====================================[0m

Clustering summary:
  Total families: 10985
  Clustered genes: 48261
  Average genes/family: 4.3
