[0;32m====================================
 OPTIMIZED MCL CLUSTERING
====================================\033[0m
 Input:     output/similarity_edgelists/filtered_blast_results_id40_qcov80_scov80_evalue1e-5_wcol12_network.tsv
 Output:    output/clusters
 Inflation: 2.0
 Threads:   16
[0;32m====================================[0m
[1;33mAnalyzing input network...[0m
[0;32m✓ Nodes: 50085[0m
[0;32m✓ Edges: 789126[0m
[1;33mRunning MCL clustering...[0m
[0;32m✓ MCL completed in 9s[0m
[1;33mPost-processing clusters...[0m
Total clusters: 9106
Total genes: 50085
Singletons removed: 0
Largest family: 835 genes
Average family size: 5.5

Family size distribution:
  Size 2: 3956 families
  Size 3: 1249 families
  Size 4: 1376 families
  Size 5: 535 families
  Size 11-50: 733 families
  Size 51-100: 41 families
  Size 101-500: 19 families
  Size 500+: 1 families

[0;32m====================================
 CLUSTERING COMPLETE
====================================\033[0m
 Total time:     9s
 MCL time:       9s
 Post-process:   0s
[0;32m====================================[0m

Clustering summary:
  Total families: 9106
  Clustered genes: 50085
  Average genes/family: 5.5
