[0;32m====================================
 OPTIMIZED MCL CLUSTERING
====================================\033[0m
 Input:     output/similarity_edgelists/filtered_blast_results_id50_qcov70_scov70_evalue1e-5_wcol12_network.tsv
 Output:    output/clusters
 Inflation: 2.0
 Threads:   16
[0;32m====================================[0m
[1;33mAnalyzing input network...[0m
[0;32m✓ Nodes: 50280[0m
[0;32m✓ Edges: 368441[0m
[1;33mRunning MCL clustering...[0m
[0;32m✓ MCL completed in 7s[0m
[1;33mPost-processing clusters...[0m
Total clusters: 11336
Total genes: 50280
Singletons removed: 0
Largest family: 357 genes
Average family size: 4.4

Family size distribution:
  Size 2: 5384 families
  Size 3: 1595 families
  Size 4: 1723 families
  Size 5: 660 families
  Size 11-50: 634 families
  Size 51-100: 18 families
  Size 101-500: 11 families

[0;32m====================================
 CLUSTERING COMPLETE
====================================\033[0m
 Total time:     7s
 MCL time:       7s
 Post-process:   0s
[0;32m====================================[0m

Clustering summary:
  Total families: 11336
  Clustered genes: 50280
  Average genes/family: 4.4
