[0;32m====================================
 OPTIMIZED MCL CLUSTERING
====================================\033[0m
 Input:     output/similarity_edgelists/filtered_blast_results_id40_qcov60_scov60_evalue1e-5_wcol12_network.tsv
 Output:    output/clusters
 Inflation: 2.0
 Threads:   16
[0;32m====================================[0m
[1;33mAnalyzing input network...[0m
[0;32m✓ Nodes: 51814[0m
[0;32m✓ Edges: 808320[0m
[1;33mRunning MCL clustering...[0m
[0;32m✓ MCL completed in 8s[0m
[1;33mPost-processing clusters...[0m
Total clusters: 9383
Total genes: 51814
Singletons removed: 0
Largest family: 842 genes
Average family size: 5.5

Family size distribution:
  Size 2: 4040 families
  Size 3: 1297 families
  Size 4: 1409 families
  Size 5: 566 families
  Size 11-50: 754 families
  Size 51-100: 41 families
  Size 101-500: 21 families
  Size 500+: 1 families

[0;32m====================================
 CLUSTERING COMPLETE
====================================\033[0m
 Total time:     9s
 MCL time:       8s
 Post-process:   1s
[0;32m====================================[0m

Clustering summary:
  Total families: 9383
  Clustered genes: 51814
  Average genes/family: 5.5
