[0;32m====================================
 OPTIMIZED MCL CLUSTERING
====================================\033[0m
 Input:     output/similarity_edgelists/filtered_blast_results_id30_qcov70_scov70_evalue1e-10_wcol12_network.tsv
 Output:    output/clusters
 Inflation: 2.0
 Threads:   16
[0;32m====================================[0m
[1;33mAnalyzing input network...[0m
[0;32m✓ Nodes: 51114[0m
[0;32m✓ Edges: 1567849[0m
[1;33mRunning MCL clustering...[0m
  MCL: 
[0;32m✓ MCL completed in 13s[0m
[1;33mPost-processing clusters...[0m
Total clusters: 7765
Total genes: 51114
Singletons removed: 0
Largest family: 1302 genes
Average family size: 6.6

Family size distribution:
  Size 2: 3229 families
  Size 3: 1038 families
  Size 4: 1131 families
  Size 5: 464 families
  Size 11-50: 705 families
  Size 51-100: 64 families
  Size 101-500: 33 families
  Size 500+: 2 families

[0;32m====================================
 CLUSTERING COMPLETE
====================================\033[0m
 Total time:     13s
 MCL time:       13s
 Post-process:   0s
[0;32m====================================[0m

Clustering summary:
  Total families: 7765
  Clustered genes: 51114
  Average genes/family: 6.5
