[0;32m====================================
 OPTIMIZED MCL CLUSTERING
====================================\033[0m
 Input:     output/similarity_edgelists/filtered_blast_results_id70_qcov90_scov90_evalue1e-10_wcol12_network.tsv
 Output:    output/clusters
 Inflation: 2.0
 Threads:   16
[0;32m====================================[0m
[1;33mAnalyzing input network...[0m
[0;32m✓ Nodes: 44304[0m
[0;32m✓ Edges: 96787[0m
[1;33mRunning MCL clustering...[0m
[0;32m✓ MCL completed in 5s[0m
[1;33mPost-processing clusters...[0m
Total clusters: 14644
Total genes: 44303
Singletons removed: 1
Largest family: 177 genes
Average family size: 3.0

Family size distribution:
  Size 2: 9332 families
  Size 3: 1869 families
  Size 4: 1906 families
  Size 5: 560 families
  Size 11-50: 191 families
  Size 51-100: 9 families
  Size 101-500: 1 families

[0;32m====================================
 CLUSTERING COMPLETE
====================================\033[0m
 Total time:     5s
 MCL time:       5s
 Post-process:   0s
[0;32m====================================[0m

Clustering summary:
  Total families: 14644
  Clustered genes: 44303
  Average genes/family: 3.0
