[0;32m====================================
 OPTIMIZED MCL CLUSTERING
====================================\033[0m
 Input:     output/similarity_edgelists/filtered_blast_results_id40_qcov80_scov80_evalue1e-10_wcol12_network.tsv
 Output:    output/clusters
 Inflation: 2.0
 Threads:   16
[0;32m====================================[0m
[1;33mAnalyzing input network...[0m
[0;32m✓ Nodes: 49754[0m
[0;32m✓ Edges: 699777[0m
[1;33mRunning MCL clustering...[0m
[0;32m✓ MCL completed in 7s[0m
[1;33mPost-processing clusters...[0m
Total clusters: 9215
Total genes: 49752
Singletons removed: 2
Largest family: 834 genes
Average family size: 5.4

Family size distribution:
  Size 2: 4055 families
  Size 3: 1243 families
  Size 4: 1407 families
  Size 5: 520 families
  Size 11-50: 731 families
  Size 51-100: 41 families
  Size 101-500: 17 families
  Size 500+: 1 families

[0;32m====================================
 CLUSTERING COMPLETE
====================================\033[0m
 Total time:     8s
 MCL time:       7s
 Post-process:   1s
[0;32m====================================[0m

Clustering summary:
  Total families: 9215
  Clustered genes: 49752
  Average genes/family: 5.3
