[0;32m====================================
 OPTIMIZED MCL CLUSTERING
====================================\033[0m
 Input:     output/similarity_edgelists/filtered_blast_results_id50_qcov70_scov70_evalue1e-10_wcol12_network.tsv
 Output:    output/clusters
 Inflation: 2.0
 Threads:   16
[0;32m====================================[0m
[1;33mAnalyzing input network...[0m
[0;32m✓ Nodes: 49957[0m
[0;32m✓ Edges: 346659[0m
[1;33mRunning MCL clustering...[0m
[0;32m✓ MCL completed in 29s[0m
[1;33mPost-processing clusters...[0m
Total clusters: 11371
Total genes: 49956
Singletons removed: 1
Largest family: 349 genes
Average family size: 4.4

Family size distribution:
  Size 2: 5451 families
  Size 3: 1576 families
  Size 4: 1757 families
  Size 5: 639 families
  Size 11-50: 630 families
  Size 51-100: 18 families
  Size 101-500: 11 families

[0;32m====================================
 CLUSTERING COMPLETE
====================================\033[0m
 Total time:     30s
 MCL time:       29s
 Post-process:   1s
[0;32m====================================[0m

Clustering summary:
  Total families: 11371
  Clustered genes: 49956
  Average genes/family: 4.3
