[0;32m====================================
 OPTIMIZED MCL CLUSTERING
====================================\033[0m
 Input:     output/similarity_edgelists/filtered_blast_results_id60_qcov80_scov80_evalue1e-10_wcol12_network.tsv
 Output:    output/clusters
 Inflation: 2.0
 Threads:   16
[0;32m====================================[0m
[1;33mAnalyzing input network...[0m
[0;32m✓ Nodes: 47679[0m
[0;32m✓ Edges: 187170[0m
[1;33mRunning MCL clustering...[0m
[0;32m✓ MCL completed in 4s[0m
[1;33mPost-processing clusters...[0m
Total clusters: 13147
Total genes: 47679
Singletons removed: 0
Largest family: 208 genes
Average family size: 3.6

Family size distribution:
  Size 2: 7094 families
  Size 3: 1767 families
  Size 4: 2037 families
  Size 5: 702 families
  Size 11-50: 399 families
  Size 51-100: 7 families
  Size 101-500: 6 families

[0;32m====================================
 CLUSTERING COMPLETE
====================================\033[0m
 Total time:     5s
 MCL time:       4s
 Post-process:   1s
[0;32m====================================[0m

Clustering summary:
  Total families: 13147
  Clustered genes: 47679
  Average genes/family: 3.6
